<?xml version="1.0" encoding="UTF-8"?>
<!-- Generated by org.testng.reporters.JUnitReportReporter -->
<testsuite hostname="lenovo" failures="0" tests="4" name="com.package1.Test1" time="0.034" errors="0" timestamp="2021-05-06T18:56:15 IST" skipped="0">
  <testcase classname="com.package1.Test1" name="testsum" time="0.001"/>
  <system-out/>
  <testcase classname="com.package1.Test1" name="testMul" time="0.002"/>
  <system-out/>
  <testcase classname="com.package1.Test1" name="testDiv" time="0.002"/>
  <system-out/>
  <testcase classname="com.package1.Test1" name="testDiff" time="0.029"/>
  <system-out/>
</testsuite> <!-- com.package1.Test1 -->
